2024-04-22 21:31:08 0 [Note] Starting MariaDB 10.4.32-MariaDB source revision c4143f909528e3fab0677a28631d10389354c491 as process 21632
2024-04-22 21:31:08 0 [Note] InnoDB: Mutexes and rw_locks use Windows interlocked functions
2024-04-22 21:31:08 0 [Note] InnoDB: Uses event mutexes
2024-04-22 21:31:08 0 [Note] InnoDB: Compressed tables use zlib 1.3
2024-04-22 21:31:08 0 [Note] InnoDB: Number of pools: 1
2024-04-22 21:31:08 0 [Note] InnoDB: Using SSE2 crc32 instructions
2024-04-22 21:31:08 0 [Note] InnoDB: Initializing buffer pool, total size = 16M, instances = 1, chunk size = 16M
2024-04-22 21:31:08 0 [Note] InnoDB: Completed initialization of buffer pool
2024-04-22 21:31:08 0 [Note] InnoDB: Starting crash recovery from checkpoint LSN=300288
2024-04-22 21:31:08 0 [Note] InnoDB: 128 out of 128 rollback segments are active.
2024-04-22 21:31:08 0 [Note] InnoDB: Removed temporary tablespace data file: "ibtmp1"
2024-04-22 21:31:08 0 [Note] InnoDB: Creating shared tablespace for temporary tables
2024-04-22 21:31:08 0 [Note] InnoDB: Setting file 'C:\Users\carlo\Desktop\Carrera y Programacion\XAMPP\mysql\data\ibtmp1' size to 12 MB. Physically writing the file full; Please wait ...
2024-04-22 21:31:08 0 [Note] InnoDB: File 'C:\Users\carlo\Desktop\Carrera y Programacion\XAMPP\mysql\data\ibtmp1' size is now 12 MB.
2024-04-22 21:31:08 0 [Note] InnoDB: 10.4.32 started; log sequence number 300297; transaction id 170
2024-04-22 21:31:08 0 [Note] InnoDB: Loading buffer pool(s) from C:\Users\carlo\Desktop\Carrera y Programacion\XAMPP\mysql\data\ib_buffer_pool
2024-04-22 21:31:08 0 [Note] Plugin 'FEEDBACK' is disabled.
2024-04-22 21:31:08 0 [Note] InnoDB: Buffer pool(s) load completed at 240422 21:31:08
2024-04-22 21:31:08 0 [Note] Server socket created on IP: '::'.
2024-04-22 22:42:55 0 [Note] Starting MariaDB 10.4.32-MariaDB source revision c4143f909528e3fab0677a28631d10389354c491 as process 19696
2024-04-22 22:42:55 0 [Note] mysqld.exe: Aria engine: starting recovery
recovered pages: 0% 10% 40% 58% 70% 88% 100% (0.0 seconds); tables to flush: 2 1 0
 (0.0 seconds); 
2024-04-22 22:42:55 0 [Note] mysqld.exe: Aria engine: recovery done
2024-04-22 22:42:55 0 [Note] InnoDB: Mutexes and rw_locks use Windows interlocked functions
2024-04-22 22:42:55 0 [Note] InnoDB: Uses event mutexes
2024-04-22 22:42:55 0 [Note] InnoDB: Compressed tables use zlib 1.3
2024-04-22 22:42:55 0 [Note] InnoDB: Number of pools: 1
2024-04-22 22:42:55 0 [Note] InnoDB: Using SSE2 crc32 instructions
2024-04-22 22:42:55 0 [Note] InnoDB: Initializing buffer pool, total size = 16M, instances = 1, chunk size = 16M
2024-04-22 22:42:56 0 [Note] InnoDB: Completed initialization of buffer pool
2024-04-22 22:42:56 0 [Note] InnoDB: Starting crash recovery from checkpoint LSN=306542
2024-04-22 22:42:56 0 [Note] InnoDB: 128 out of 128 rollback segments are active.
2024-04-22 22:42:56 0 [Note] InnoDB: Removed temporary tablespace data file: "ibtmp1"
2024-04-22 22:42:56 0 [Note] InnoDB: Creating shared tablespace for temporary tables
2024-04-22 22:42:56 0 [Note] InnoDB: Setting file 'C:\Users\carlo\Desktop\Carrera y Programacion\XAMPP\mysql\data\ibtmp1' size to 12 MB. Physically writing the file full; Please wait ...
2024-04-22 22:42:56 0 [Note] InnoDB: File 'C:\Users\carlo\Desktop\Carrera y Programacion\XAMPP\mysql\data\ibtmp1' size is now 12 MB.
2024-04-22 22:42:56 0 [Note] InnoDB: 10.4.32 started; log sequence number 306551; transaction id 205
2024-04-22 22:42:56 0 [Note] InnoDB: Loading buffer pool(s) from C:\Users\carlo\Desktop\Carrera y Programacion\XAMPP\mysql\data\ib_buffer_pool
2024-04-22 22:42:56 0 [Note] Plugin 'FEEDBACK' is disabled.
2024-04-22 22:42:56 0 [Note] Server socket created on IP: '::'.
2024-05-13 18:21:40 0 [Note] Starting MariaDB 10.4.32-MariaDB source revision c4143f909528e3fab0677a28631d10389354c491 as process 4380
2024-05-13 18:21:40 0 [Note] InnoDB: Mutexes and rw_locks use Windows interlocked functions
2024-05-13 18:21:40 0 [Note] InnoDB: Uses event mutexes
2024-05-13 18:21:40 0 [Note] InnoDB: Compressed tables use zlib 1.3
2024-05-13 18:21:40 0 [Note] InnoDB: Number of pools: 1
2024-05-13 18:21:40 0 [Note] InnoDB: Using SSE2 crc32 instructions
2024-05-13 18:21:40 0 [Note] InnoDB: Initializing buffer pool, total size = 16M, instances = 1, chunk size = 16M
2024-05-13 18:21:40 0 [Note] InnoDB: Completed initialization of buffer pool
2024-05-13 18:21:40 0 [Note] InnoDB: Starting crash recovery from checkpoint LSN=306877
2024-05-13 18:21:40 0 [Note] InnoDB: 128 out of 128 rollback segments are active.
2024-05-13 18:21:40 0 [Note] InnoDB: Removed temporary tablespace data file: "ibtmp1"
2024-05-13 18:21:40 0 [Note] InnoDB: Creating shared tablespace for temporary tables
2024-05-13 18:21:40 0 [Note] InnoDB: Setting file 'C:\Users\carlo\Desktop\Carrera y Programacion\XAMPP\mysql\data\ibtmp1' size to 12 MB. Physically writing the file full; Please wait ...
2024-05-13 18:21:40 0 [Note] InnoDB: File 'C:\Users\carlo\Desktop\Carrera y Programacion\XAMPP\mysql\data\ibtmp1' size is now 12 MB.
2024-05-13 18:21:40 0 [Note] InnoDB: 10.4.32 started; log sequence number 306886; transaction id 228
2024-05-13 18:21:40 0 [Note] Plugin 'FEEDBACK' is disabled.
2024-05-13 18:21:40 0 [Note] InnoDB: Loading buffer pool(s) from C:\Users\carlo\Desktop\Carrera y Programacion\XAMPP\mysql\data\ib_buffer_pool
2024-05-13 18:21:40 0 [Note] InnoDB: Buffer pool(s) load completed at 240513 18:21:40
2024-05-13 18:21:41 0 [Note] Server socket created on IP: '::'.
2024-05-14 10:55:10 0 [Note] Starting MariaDB 10.4.32-MariaDB source revision c4143f909528e3fab0677a28631d10389354c491 as process 17696
2024-05-14 10:55:10 0 [Note] mysqld.exe: Aria engine: starting recovery
recovered pages: 0% 13% 35% 52% 65% 80% 100% (0.0 seconds); tables to flush: 2 1 0
 (0.0 seconds); 
2024-05-14 10:55:10 0 [Note] mysqld.exe: Aria engine: recovery done
2024-05-14 10:55:10 0 [Note] InnoDB: Mutexes and rw_locks use Windows interlocked functions
2024-05-14 10:55:10 0 [Note] InnoDB: Uses event mutexes
2024-05-14 10:55:10 0 [Note] InnoDB: Compressed tables use zlib 1.3
2024-05-14 10:55:10 0 [Note] InnoDB: Number of pools: 1
2024-05-14 10:55:10 0 [Note] InnoDB: Using SSE2 crc32 instructions
2024-05-14 10:55:10 0 [Note] InnoDB: Initializing buffer pool, total size = 16M, instances = 1, chunk size = 16M
2024-05-14 10:55:10 0 [Note] InnoDB: Completed initialization of buffer pool
2024-05-14 10:55:10 0 [Note] InnoDB: Starting crash recovery from checkpoint LSN=392834
2024-05-14 10:55:11 0 [Note] InnoDB: 128 out of 128 rollback segments are active.
2024-05-14 10:55:11 0 [Note] InnoDB: Removed temporary tablespace data file: "ibtmp1"
2024-05-14 10:55:11 0 [Note] InnoDB: Creating shared tablespace for temporary tables
2024-05-14 10:55:11 0 [Note] InnoDB: Setting file 'C:\Users\carlo\Desktop\Carrera y Programacion\XAMPP\mysql\data\ibtmp1' size to 12 MB. Physically writing the file full; Please wait ...
2024-05-14 10:55:11 0 [Note] InnoDB: File 'C:\Users\carlo\Desktop\Carrera y Programacion\XAMPP\mysql\data\ibtmp1' size is now 12 MB.
2024-05-14 10:55:11 0 [Note] InnoDB: 10.4.32 started; log sequence number 392843; transaction id 459
2024-05-14 10:55:11 0 [Note] InnoDB: Loading buffer pool(s) from C:\Users\carlo\Desktop\Carrera y Programacion\XAMPP\mysql\data\ib_buffer_pool
2024-05-14 10:55:11 0 [Note] Plugin 'FEEDBACK' is disabled.
2024-05-14 10:55:11 0 [Note] InnoDB: Buffer pool(s) load completed at 240514 10:55:11
2024-05-14 10:55:11 0 [Note] Server socket created on IP: '::'.
2024-05-14 22:30:09 0 [Note] Starting MariaDB 10.4.32-MariaDB source revision c4143f909528e3fab0677a28631d10389354c491 as process 1436
2024-05-14 22:30:09 0 [Note] InnoDB: Mutexes and rw_locks use Windows interlocked functions
2024-05-14 22:30:09 0 [Note] InnoDB: Uses event mutexes
2024-05-14 22:30:09 0 [Note] InnoDB: Compressed tables use zlib 1.3
2024-05-14 22:30:09 0 [Note] InnoDB: Number of pools: 1
2024-05-14 22:30:09 0 [Note] InnoDB: Using SSE2 crc32 instructions
2024-05-14 22:30:09 0 [Note] InnoDB: Initializing buffer pool, total size = 16M, instances = 1, chunk size = 16M
2024-05-14 22:30:09 0 [Note] InnoDB: Completed initialization of buffer pool
2024-05-14 22:30:09 0 [Note] InnoDB: Starting crash recovery from checkpoint LSN=459286
2024-05-14 22:30:09 0 [Note] InnoDB: 128 out of 128 rollback segments are active.
2024-05-14 22:30:09 0 [Note] InnoDB: Removed temporary tablespace data file: "ibtmp1"
2024-05-14 22:30:09 0 [Note] InnoDB: Creating shared tablespace for temporary tables
2024-05-14 22:30:09 0 [Note] InnoDB: Setting file 'C:\Users\carlo\Desktop\Carrera y Programacion\XAMPP\mysql\data\ibtmp1' size to 12 MB. Physically writing the file full; Please wait ...
2024-05-14 22:30:09 0 [Note] InnoDB: File 'C:\Users\carlo\Desktop\Carrera y Programacion\XAMPP\mysql\data\ibtmp1' size is now 12 MB.
2024-05-14 22:30:09 0 [Note] InnoDB: 10.4.32 started; log sequence number 459295; transaction id 633
2024-05-14 22:30:09 0 [Note] Plugin 'FEEDBACK' is disabled.
2024-05-14 22:30:09 0 [Note] InnoDB: Loading buffer pool(s) from C:\Users\carlo\Desktop\Carrera y Programacion\XAMPP\mysql\data\ib_buffer_pool
2024-05-14 22:30:09 0 [Note] InnoDB: Buffer pool(s) load completed at 240514 22:30:09
2024-05-14 22:30:09 0 [Note] Server socket created on IP: '::'.
2024-05-19 19:37:16 0 [Note] Starting MariaDB 10.4.32-MariaDB source revision c4143f909528e3fab0677a28631d10389354c491 as process 10172
2024-05-19 19:37:16 0 [Note] InnoDB: Mutexes and rw_locks use Windows interlocked functions
2024-05-19 19:37:16 0 [Note] InnoDB: Uses event mutexes
2024-05-19 19:37:16 0 [Note] InnoDB: Compressed tables use zlib 1.3
2024-05-19 19:37:16 0 [Note] InnoDB: Number of pools: 1
2024-05-19 19:37:16 0 [Note] InnoDB: Using SSE2 crc32 instructions
2024-05-19 19:37:16 0 [Note] InnoDB: Initializing buffer pool, total size = 16M, instances = 1, chunk size = 16M
2024-05-19 19:37:16 0 [Note] InnoDB: Completed initialization of buffer pool
2024-05-19 19:37:16 0 [Note] InnoDB: Starting crash recovery from checkpoint LSN=487448
2024-05-19 19:37:16 0 [Note] InnoDB: 128 out of 128 rollback segments are active.
2024-05-19 19:37:16 0 [Note] InnoDB: Removed temporary tablespace data file: "ibtmp1"
2024-05-19 19:37:16 0 [Note] InnoDB: Creating shared tablespace for temporary tables
2024-05-19 19:37:16 0 [Note] InnoDB: Setting file 'C:\Users\carlo\Desktop\Carrera y Programacion\XAMPP\mysql\data\ibtmp1' size to 12 MB. Physically writing the file full; Please wait ...
2024-05-19 19:37:16 0 [Note] InnoDB: File 'C:\Users\carlo\Desktop\Carrera y Programacion\XAMPP\mysql\data\ibtmp1' size is now 12 MB.
2024-05-19 19:37:16 0 [Note] InnoDB: Waiting for purge to start
2024-05-19 19:37:16 0 [Note] InnoDB: 10.4.32 started; log sequence number 487457; transaction id 795
2024-05-19 19:37:16 0 [Note] Plugin 'FEEDBACK' is disabled.
2024-05-19 19:37:16 0 [Note] InnoDB: Loading buffer pool(s) from C:\Users\carlo\Desktop\Carrera y Programacion\XAMPP\mysql\data\ib_buffer_pool
2024-05-19 19:37:16 0 [Note] InnoDB: Buffer pool(s) load completed at 240519 19:37:16
2024-05-19 19:37:16 0 [Note] Server socket created on IP: '::'.
2024-05-21 18:44:51 0 [Note] Starting MariaDB 10.4.32-MariaDB source revision c4143f909528e3fab0677a28631d10389354c491 as process 18868
2024-05-21 18:44:51 0 [Note] InnoDB: Mutexes and rw_locks use Windows interlocked functions
2024-05-21 18:44:51 0 [Note] InnoDB: Uses event mutexes
2024-05-21 18:44:51 0 [Note] InnoDB: Compressed tables use zlib 1.3
2024-05-21 18:44:51 0 [Note] InnoDB: Number of pools: 1
2024-05-21 18:44:51 0 [Note] InnoDB: Using SSE2 crc32 instructions
2024-05-21 18:44:51 0 [Note] InnoDB: Initializing buffer pool, total size = 16M, instances = 1, chunk size = 16M
2024-05-21 18:44:51 0 [Note] InnoDB: Completed initialization of buffer pool
2024-05-21 18:44:51 0 [Note] InnoDB: Starting crash recovery from checkpoint LSN=500574
2024-05-21 18:44:52 0 [Note] InnoDB: 128 out of 128 rollback segments are active.
2024-05-21 18:44:52 0 [Note] InnoDB: Removed temporary tablespace data file: "ibtmp1"
2024-05-21 18:44:52 0 [Note] InnoDB: Creating shared tablespace for temporary tables
2024-05-21 18:44:52 0 [Note] InnoDB: Setting file 'C:\Users\carlo\Desktop\Carrera y Programacion\XAMPP\mysql\data\ibtmp1' size to 12 MB. Physically writing the file full; Please wait ...
2024-05-21 18:44:52 0 [Note] InnoDB: File 'C:\Users\carlo\Desktop\Carrera y Programacion\XAMPP\mysql\data\ibtmp1' size is now 12 MB.
2024-05-21 18:44:52 0 [Note] InnoDB: 10.4.32 started; log sequence number 500583; transaction id 850
2024-05-21 18:44:52 0 [Note] InnoDB: Loading buffer pool(s) from C:\Users\carlo\Desktop\Carrera y Programacion\XAMPP\mysql\data\ib_buffer_pool
2024-05-21 18:44:52 0 [Note] Plugin 'FEEDBACK' is disabled.
2024-05-21 18:44:52 0 [Note] InnoDB: Buffer pool(s) load completed at 240521 18:44:52
2024-05-21 18:44:52 0 [Note] Server socket created on IP: '::'.
2024-05-27 21:10:27 0 [Note] Starting MariaDB 10.4.32-MariaDB source revision c4143f909528e3fab0677a28631d10389354c491 as process 9508
2024-05-27 21:10:27 0 [Note] InnoDB: Mutexes and rw_locks use Windows interlocked functions
2024-05-27 21:10:27 0 [Note] InnoDB: Uses event mutexes
2024-05-27 21:10:27 0 [Note] InnoDB: Compressed tables use zlib 1.3
2024-05-27 21:10:27 0 [Note] InnoDB: Number of pools: 1
2024-05-27 21:10:27 0 [Note] InnoDB: Using SSE2 crc32 instructions
2024-05-27 21:10:27 0 [Note] InnoDB: Initializing buffer pool, total size = 16M, instances = 1, chunk size = 16M
2024-05-27 21:10:27 0 [Note] InnoDB: Completed initialization of buffer pool
2024-05-27 21:10:27 0 [Note] InnoDB: Starting crash recovery from checkpoint LSN=520955
2024-05-27 21:10:27 0 [Note] InnoDB: 128 out of 128 rollback segments are active.
2024-05-27 21:10:27 0 [Note] InnoDB: Removed temporary tablespace data file: "ibtmp1"
2024-05-27 21:10:27 0 [Note] InnoDB: Creating shared tablespace for temporary tables
2024-05-27 21:10:27 0 [Note] InnoDB: Setting file 'C:\Users\carlo\Desktop\Carrera y Programacion\XAMPP\mysql\data\ibtmp1' size to 12 MB. Physically writing the file full; Please wait ...
2024-05-27 21:10:27 0 [Note] InnoDB: File 'C:\Users\carlo\Desktop\Carrera y Programacion\XAMPP\mysql\data\ibtmp1' size is now 12 MB.
2024-05-27 21:10:27 0 [Note] InnoDB: 10.4.32 started; log sequence number 520964; transaction id 933
2024-05-27 21:10:27 0 [Note] Plugin 'FEEDBACK' is disabled.
2024-05-27 21:10:27 0 [Note] InnoDB: Loading buffer pool(s) from C:\Users\carlo\Desktop\Carrera y Programacion\XAMPP\mysql\data\ib_buffer_pool
2024-05-27 21:10:27 0 [Note] InnoDB: Buffer pool(s) load completed at 240527 21:10:27
2024-05-27 21:10:27 0 [Note] Server socket created on IP: '::'.
2024-05-28 22:32:23 0 [Note] Starting MariaDB 10.4.32-MariaDB source revision c4143f909528e3fab0677a28631d10389354c491 as process 7080
2024-05-28 22:32:23 0 [Note] InnoDB: Mutexes and rw_locks use Windows interlocked functions
2024-05-28 22:32:23 0 [Note] InnoDB: Uses event mutexes
2024-05-28 22:32:23 0 [Note] InnoDB: Compressed tables use zlib 1.3
2024-05-28 22:32:23 0 [Note] InnoDB: Number of pools: 1
2024-05-28 22:32:23 0 [Note] InnoDB: Using SSE2 crc32 instructions
2024-05-28 22:32:23 0 [Note] InnoDB: Initializing buffer pool, total size = 16M, instances = 1, chunk size = 16M
2024-05-28 22:32:23 0 [Note] InnoDB: Completed initialization of buffer pool
2024-05-28 22:32:23 0 [Note] InnoDB: Starting crash recovery from checkpoint LSN=521290
2024-05-28 22:32:23 0 [Note] InnoDB: 128 out of 128 rollback segments are active.
2024-05-28 22:32:23 0 [Note] InnoDB: Removed temporary tablespace data file: "ibtmp1"
2024-05-28 22:32:23 0 [Note] InnoDB: Creating shared tablespace for temporary tables
2024-05-28 22:32:23 0 [Note] InnoDB: Setting file 'C:\Users\carlo\Desktop\Carrera y Programacion\XAMPP\mysql\data\ibtmp1' size to 12 MB. Physically writing the file full; Please wait ...
2024-05-28 22:32:23 0 [Note] InnoDB: File 'C:\Users\carlo\Desktop\Carrera y Programacion\XAMPP\mysql\data\ibtmp1' size is now 12 MB.
2024-05-28 22:32:23 0 [Note] InnoDB: 10.4.32 started; log sequence number 521299; transaction id 956
2024-05-28 22:32:23 0 [Note] InnoDB: Loading buffer pool(s) from C:\Users\carlo\Desktop\Carrera y Programacion\XAMPP\mysql\data\ib_buffer_pool
2024-05-28 22:32:23 0 [Note] Plugin 'FEEDBACK' is disabled.
2024-05-28 22:32:23 0 [Note] InnoDB: Buffer pool(s) load completed at 240528 22:32:23
2024-05-28 22:32:23 0 [Note] Server socket created on IP: '::'.
2024-06-02 23:04:47 0 [Note] Starting MariaDB 10.4.32-MariaDB source revision c4143f909528e3fab0677a28631d10389354c491 as process 20612
2024-06-02 23:04:47 0 [Note] InnoDB: Mutexes and rw_locks use Windows interlocked functions
2024-06-02 23:04:47 0 [Note] InnoDB: Uses event mutexes
2024-06-02 23:04:47 0 [Note] InnoDB: Compressed tables use zlib 1.3
2024-06-02 23:04:47 0 [Note] InnoDB: Number of pools: 1
2024-06-02 23:04:47 0 [Note] InnoDB: Using SSE2 crc32 instructions
2024-06-02 23:04:47 0 [Note] InnoDB: Initializing buffer pool, total size = 16M, instances = 1, chunk size = 16M
2024-06-02 23:04:47 0 [Note] InnoDB: Completed initialization of buffer pool
2024-06-02 23:04:47 0 [Note] InnoDB: Starting crash recovery from checkpoint LSN=539397
2024-06-02 23:04:47 0 [Note] InnoDB: 128 out of 128 rollback segments are active.
2024-06-02 23:04:47 0 [Note] InnoDB: Removed temporary tablespace data file: "ibtmp1"
2024-06-02 23:04:47 0 [Note] InnoDB: Creating shared tablespace for temporary tables
2024-06-02 23:04:47 0 [Note] InnoDB: Setting file 'C:\Users\carlo\Desktop\Carrera y Programacion\XAMPP\mysql\data\ibtmp1' size to 12 MB. Physically writing the file full; Please wait ...
2024-06-02 23:04:47 0 [Note] InnoDB: File 'C:\Users\carlo\Desktop\Carrera y Programacion\XAMPP\mysql\data\ibtmp1' size is now 12 MB.
2024-06-02 23:04:47 0 [Note] InnoDB: 10.4.32 started; log sequence number 539406; transaction id 1040
2024-06-02 23:04:47 0 [Note] Plugin 'FEEDBACK' is disabled.
2024-06-02 23:04:47 0 [Note] InnoDB: Loading buffer pool(s) from C:\Users\carlo\Desktop\Carrera y Programacion\XAMPP\mysql\data\ib_buffer_pool
2024-06-02 23:04:47 0 [Note] InnoDB: Buffer pool(s) load completed at 240602 23:04:47
2024-06-02 23:04:48 0 [Note] Server socket created on IP: '::'.
2024-11-18 19:47:16 0 [Note] Starting MariaDB 10.4.32-MariaDB source revision c4143f909528e3fab0677a28631d10389354c491 as process 12208
2024-11-18 19:47:16 0 [Note] InnoDB: Mutexes and rw_locks use Windows interlocked functions
2024-11-18 19:47:16 0 [Note] InnoDB: Uses event mutexes
2024-11-18 19:47:16 0 [Note] InnoDB: Compressed tables use zlib 1.3
2024-11-18 19:47:16 0 [Note] InnoDB: Number of pools: 1
2024-11-18 19:47:16 0 [Note] InnoDB: Using SSE2 crc32 instructions
2024-11-18 19:47:16 0 [Note] InnoDB: Initializing buffer pool, total size = 16M, instances = 1, chunk size = 16M
2024-11-18 19:47:16 0 [Note] InnoDB: Completed initialization of buffer pool
2024-11-18 19:47:16 0 [Note] InnoDB: Starting crash recovery from checkpoint LSN=542073
2024-11-18 19:47:17 0 [Note] InnoDB: 128 out of 128 rollback segments are active.
2024-11-18 19:47:17 0 [Note] InnoDB: Removed temporary tablespace data file: "ibtmp1"
2024-11-18 19:47:17 0 [Note] InnoDB: Creating shared tablespace for temporary tables
2024-11-18 19:47:17 0 [Note] InnoDB: Setting file 'C:\Users\carlo\Desktop\Carrera y Programacion\XAMPP\mysql\data\ibtmp1' size to 12 MB. Physically writing the file full; Please wait ...
2024-11-18 19:47:17 0 [Note] InnoDB: File 'C:\Users\carlo\Desktop\Carrera y Programacion\XAMPP\mysql\data\ibtmp1' size is now 12 MB.
2024-11-18 19:47:17 0 [Note] InnoDB: 10.4.32 started; log sequence number 542082; transaction id 1055
2024-11-18 19:47:17 0 [Note] InnoDB: Loading buffer pool(s) from C:\Users\carlo\Desktop\Carrera y Programacion\XAMPP\mysql\data\ib_buffer_pool
2024-11-18 19:47:17 0 [Note] Plugin 'FEEDBACK' is disabled.
2024-11-18 19:47:17 0 [Note] InnoDB: Buffer pool(s) load completed at 241118 19:47:17
2024-11-18 19:47:17 0 [Note] Server socket created on IP: '::'.
2024-11-18 19:47:17 0 [Note] Reading of all Master_info entries succeeded
2024-11-18 19:47:17 0 [Note] Added new Master_info '' to hash table
2024-11-18 19:47:17 0 [Note] C:\Users\carlo\Desktop\carrera y programacion\xampp\mysql\bin\mysqld.exe: ready for connections.
Version: '10.4.32-MariaDB'  socket: ''  port: 3306  mariadb.org binary distribution
2024-11-18 21:11:27 0 [Note] C:\Users\carlo\Desktop\carrera y programacion\xampp\mysql\bin\mysqld.exe (initiated by: unknown): Normal shutdown
2024-11-18 21:11:27 0 [Note] Event Scheduler: Purging the queue. 0 events
2024-11-18 21:11:27 0 [Note] InnoDB: FTS optimize thread exiting.
2024-11-18 21:11:27 0 [Note] InnoDB: Starting shutdown...
2024-11-18 21:11:27 0 [Note] InnoDB: Dumping buffer pool(s) to C:\Users\carlo\Desktop\Carrera y Programacion\XAMPP\mysql\data\ib_buffer_pool
2024-11-18 21:11:27 0 [Note] InnoDB: Instance 0, restricted to 250 pages due to innodb_buf_pool_dump_pct=25
2024-11-18 21:11:27 0 [Note] InnoDB: Buffer pool(s) dump completed at 241118 21:11:27
2024-11-18 21:11:28 0 [Note] InnoDB: Removed temporary tablespace data file: "ibtmp1"
2024-11-18 21:11:28 0 [Note] InnoDB: Shutdown completed; log sequence number 546981; transaction id 1077
2024-11-18 21:11:28 0 [Note] C:\Users\carlo\Desktop\carrera y programacion\xampp\mysql\bin\mysqld.exe: Shutdown complete

2024-11-18 21:11:33 0 [Note] Starting MariaDB 10.4.32-MariaDB source revision c4143f909528e3fab0677a28631d10389354c491 as process 18264
2024-11-18 21:11:33 0 [Note] InnoDB: Mutexes and rw_locks use Windows interlocked functions
2024-11-18 21:11:33 0 [Note] InnoDB: Uses event mutexes
2024-11-18 21:11:33 0 [Note] InnoDB: Compressed tables use zlib 1.3
2024-11-18 21:11:33 0 [Note] InnoDB: Number of pools: 1
2024-11-18 21:11:33 0 [Note] InnoDB: Using SSE2 crc32 instructions
2024-11-18 21:11:33 0 [Note] InnoDB: Initializing buffer pool, total size = 16M, instances = 1, chunk size = 16M
2024-11-18 21:11:33 0 [Note] InnoDB: Completed initialization of buffer pool
2024-11-18 21:11:33 0 [Note] InnoDB: 128 out of 128 rollback segments are active.
2024-11-18 21:11:33 0 [Note] InnoDB: Creating shared tablespace for temporary tables
2024-11-18 21:11:33 0 [Note] InnoDB: Setting file 'C:\Users\carlo\Desktop\Carrera y Programacion\XAMPP\mysql\data\ibtmp1' size to 12 MB. Physically writing the file full; Please wait ...
2024-11-18 21:11:33 0 [Note] InnoDB: File 'C:\Users\carlo\Desktop\Carrera y Programacion\XAMPP\mysql\data\ibtmp1' size is now 12 MB.
2024-11-18 21:11:33 0 [Note] InnoDB: Waiting for purge to start
2024-11-18 21:11:33 0 [Note] InnoDB: 10.4.32 started; log sequence number 546981; transaction id 1078
2024-11-18 21:11:33 0 [Note] InnoDB: Loading buffer pool(s) from C:\Users\carlo\Desktop\Carrera y Programacion\XAMPP\mysql\data\ib_buffer_pool
2024-11-18 21:11:33 0 [Note] Plugin 'FEEDBACK' is disabled.
2024-11-18 21:11:33 0 [Note] Server socket created on IP: '::'.
2024-11-18 21:11:33 0 [Note] InnoDB: Buffer pool(s) load completed at 241118 21:11:33
2024-11-18 21:11:33 0 [Note] Reading of all Master_info entries succeeded
2024-11-18 21:11:33 0 [Note] Added new Master_info '' to hash table
2024-11-18 21:11:33 0 [Note] C:\Users\carlo\Desktop\carrera y programacion\xampp\mysql\bin\mysqld.exe: ready for connections.
Version: '10.4.32-MariaDB'  socket: ''  port: 3306  mariadb.org binary distribution
2024-11-18 21:12:35 0 [Note] C:\Users\carlo\Desktop\carrera y programacion\xampp\mysql\bin\mysqld.exe (initiated by: unknown): Normal shutdown
2024-11-18 21:12:35 0 [Note] Event Scheduler: Purging the queue. 0 events
2024-11-18 21:12:35 0 [Note] InnoDB: FTS optimize thread exiting.
2024-11-18 21:12:35 0 [Note] InnoDB: Starting shutdown...
2024-11-18 21:12:35 0 [Note] InnoDB: Dumping buffer pool(s) to C:\Users\carlo\Desktop\Carrera y Programacion\XAMPP\mysql\data\ib_buffer_pool
2024-11-18 21:12:35 0 [Note] InnoDB: Instance 0, restricted to 250 pages due to innodb_buf_pool_dump_pct=25
2024-11-18 21:12:35 0 [Note] InnoDB: Buffer pool(s) dump completed at 241118 21:12:35
2024-11-18 21:12:36 0 [Note] InnoDB: Removed temporary tablespace data file: "ibtmp1"
2024-11-18 21:12:36 0 [Note] InnoDB: Shutdown completed; log sequence number 546990; transaction id 1079
2024-11-18 21:12:36 0 [Note] C:\Users\carlo\Desktop\carrera y programacion\xampp\mysql\bin\mysqld.exe: Shutdown complete

2024-11-18 21:14:04 0 [Note] Starting MariaDB 10.4.32-MariaDB source revision c4143f909528e3fab0677a28631d10389354c491 as process 6576
2024-11-18 21:14:04 0 [Note] InnoDB: Mutexes and rw_locks use Windows interlocked functions
2024-11-18 21:14:04 0 [Note] InnoDB: Uses event mutexes
2024-11-18 21:14:04 0 [Note] InnoDB: Compressed tables use zlib 1.3
2024-11-18 21:14:04 0 [Note] InnoDB: Number of pools: 1
2024-11-18 21:14:04 0 [Note] InnoDB: Using SSE2 crc32 instructions
2024-11-18 21:14:04 0 [Note] InnoDB: Initializing buffer pool, total size = 16M, instances = 1, chunk size = 16M
2024-11-18 21:14:04 0 [Note] InnoDB: Completed initialization of buffer pool
2024-11-18 21:14:04 0 [Note] InnoDB: 128 out of 128 rollback segments are active.
2024-11-18 21:14:04 0 [Note] InnoDB: Creating shared tablespace for temporary tables
2024-11-18 21:14:04 0 [Note] InnoDB: Setting file 'C:\Users\carlo\Desktop\Carrera y Programacion\XAMPP\mysql\data\ibtmp1' size to 12 MB. Physically writing the file full; Please wait ...
2024-11-18 21:14:04 0 [Note] InnoDB: File 'C:\Users\carlo\Desktop\Carrera y Programacion\XAMPP\mysql\data\ibtmp1' size is now 12 MB.
2024-11-18 21:14:04 0 [Note] InnoDB: Waiting for purge to start
2024-11-18 21:14:04 0 [Note] InnoDB: 10.4.32 started; log sequence number 546990; transaction id 1078
2024-11-18 21:14:04 0 [Note] InnoDB: Loading buffer pool(s) from C:\Users\carlo\Desktop\Carrera y Programacion\XAMPP\mysql\data\ib_buffer_pool
2024-11-18 21:14:04 0 [Note] Plugin 'FEEDBACK' is disabled.
2024-11-18 21:14:04 0 [Note] Server socket created on IP: '::'.
2024-11-18 21:14:04 0 [Note] InnoDB: Buffer pool(s) load completed at 241118 21:14:04
2024-11-18 21:14:04 0 [Note] Reading of all Master_info entries succeeded
2024-11-18 21:14:04 0 [Note] Added new Master_info '' to hash table
2024-11-18 21:14:04 0 [Note] C:\Users\carlo\Desktop\carrera y programacion\xampp\mysql\bin\mysqld.exe: ready for connections.
Version: '10.4.32-MariaDB'  socket: ''  port: 3306  mariadb.org binary distribution
2024-11-18 21:19:35 53 [ERROR] mysqld.exe: Table '.\facturacion\cliente' is marked as crashed and should be repaired
2024-11-18 21:19:35 53 [Warning] Checking table:   '.\facturacion\cliente'
2024-11-18 21:21:06 81 [ERROR] mysqld.exe: Table '.\facturacion\factura' is marked as crashed and should be repaired
2024-11-18 21:21:06 81 [Warning] Checking table:   '.\facturacion\factura'
2024-11-18 21:21:06 81 [ERROR] mysqld.exe: Table '.\facturacion\producto' is marked as crashed and should be repaired
2024-11-18 21:21:06 81 [Warning] Checking table:   '.\facturacion\producto'
